autoscan: warning: missing AC_CHECK_FUNCS([floor]) wanted by: 
	src/camera/context.cc:375
	src/camera/context.cc:376
autoscan: warning: missing AC_CHECK_FUNCS([gettimeofday]) wanted by: 
	src/second.c:61
autoscan: warning: missing AC_CHECK_FUNCS([memset]) wanted by: 
	src/objects/transformations.c:53
autoscan: warning: missing AC_CHECK_FUNCS([sqrt]) wanted by: 
	src/geometry.c:419
	src/geometry.c:526
	src/elements/4node_quad.c:356
	src/elements/4node_quad_save.c:355
	src/elements/4node_quad_save.c:363
	src/elements/math.c:455
	src/elements/math.c:692
	src/elements/math.c:693
	src/elements/math.c:694
	src/elements/math.c:908
	src/elements/math.c:1044
	src/visuals/arrows.c:184
	src/visuals/particles.c:467
	src/modules/readfile.c:324
	src/modules/readfile.c:444
	src/graphics/gutil2.c:273
	src/graphics/gutil2.c:350
	src/graphics/gutil2.c:364
autoscan: warning: missing AC_CHECK_FUNCS([strerror]) wanted by: 
	src/screensave.c:55
	src/screensave.c:75
	src/screensave.c:99
autoscan: warning: missing AC_CHECK_HEADERS([malloc.h]) wanted by: 
	src/LUDecomp.c:3
	src/elmerpost.h:44
autoscan: warning: missing AC_CHECK_HEADERS([sys/param.h]) wanted by: 
	src/second.c:42
autoscan: warning: missing AC_CHECK_HEADERS([sys/time.h]) wanted by: 
	src/ElmerPost.c:57
	src/second.c:44
autoscan: warning: missing AC_CHECK_HEADERS([termio.h]) wanted by: 
	src/elmerpost.h:48
autoscan: warning: missing AC_FUNC_ERROR_AT_LINE wanted by: 
	src/elements/math.c:280
	src/elements/math.c:503
	src/elements/math.c:748
	src/elements/math.c:1106
	src/modules/matctcl.c:94
	src/modules/matctcl.c:101
	src/modules/readfile.c:689
	src/modules/readfile.c:747
autoscan: warning: missing AC_FUNC_MALLOC wanted by: 
	src/ElmerPost.c:224
	src/ElmerPost.c:233
	src/ElmerPost.c:242
	src/ElmerPost.c:251
	src/ElmerPost.c:261
	src/ElmerPost.c:270
	src/ElmerPost.c:297
	src/ElmerPost.c:386
	src/ElmerPost.c:394
	src/ElmerPost.c:402
	src/ElmerPost.c:410
	src/ElmerPost.c:420
	src/ElmerPost.c:428
	src/ElmerPost.c:618
	src/ElmerPost.c:2160
	src/geometry.c:80
	src/geometry.c:82
	src/geometry.c:89
	src/geometry.c:181
	src/geometry.c:351
	src/screensave.c:66
	src/elements/math.c:267
	src/elements/math.c:489
	src/elements/math.c:733
	src/elements/math.c:1092
	src/objects/objects.c:92
	src/sico2elmer/sico2elmer.c:67
	src/sico2elmer/sico2elmer.c:72
	src/sico2elmer/sico2elmer.c:78
	src/sico2elmer/sico2elmer.c:110
	src/sico2elmer/sico2elmer.c:115
	src/sico2elmer/sico2elmer.c:122
	src/sico2elmer/sico2elmer.c:154
	src/sico2elmer/sico2elmer.c:582
	src/sico2elmer/sico2elmer.c:586
	src/sico2elmer/sico2elmer.c:591
	src/sico2elmer/sico2elmer.c:597
	src/sico2elmer/sico2elmer.c:603
	src/sico2elmer/sico2elmer.c:621
	src/sico2elmer/sico2elmer.c:935
	src/sico2elmer/sico2elmer.c:940
	src/sico2elmer/sico2elmer.c:946
	src/sico2elmer/sico2elmer.c:986
	src/sico2elmer/sico2elmer.c:999
	src/sico2elmer/sico2elmer.c:1022
	src/sico2elmer/sico2elmer.c:1028
	src/sico2elmer/sico2elmer.c:1695
	src/sico2elmer/sico2elmer.c:1696
	src/sico2elmer/sico2elmer.c:1697
	src/sico2elmer/sico2elmer.c:1812
	src/sico2elmer/sico2elmer.c:2122
	src/sico2elmer/sico2elmer.c:2128
	src/sico2elmer/sico2elmer.c:2134
	src/modules/readfile.c:91
	src/modules/readfile.c:122
	src/modules/readfile.c:131
	src/modules/readfile.c:246
	src/modules/readfile.c:279
	src/modules/readfile.c:685
	src/camera/camera.c:286
	src/camera/file.cc:476
autoscan: warning: missing AC_FUNC_REALLOC wanted by: 
	src/geometry.c:121
	src/geometry.c:327
	src/visuals/isosurface.c:245
autoscan: warning: missing AC_FUNC_STAT wanted by: 
	src/sico2elmer/sico2elmer.c:1432
autoscan: warning: missing AC_HEADER_STDBOOL wanted by: 
	src/camera/context.cc:164
autoscan: warning: missing AC_HEADER_TIME wanted by: 
	src/second.c:50
autoscan: warning: missing AC_TYPE_SIGNAL wanted by: 
	src/ElmerPost.c:108
	src/ElmerPost.c:115
	src/ElmerPost.c:2319
	src/ElmerPost.c:2320
autoscan: warning: missing AC_TYPE_SIZE_T wanted by: 
	src/sico2elmer/sico2elmer.c:67
	src/sico2elmer/sico2elmer.c:72
	src/sico2elmer/sico2elmer.c:78
	src/sico2elmer/sico2elmer.c:78
	src/sico2elmer/sico2elmer.c:110
	src/sico2elmer/sico2elmer.c:115
	src/sico2elmer/sico2elmer.c:122
	src/sico2elmer/sico2elmer.c:154
	src/sico2elmer/sico2elmer.c:582
	src/sico2elmer/sico2elmer.c:586
	src/sico2elmer/sico2elmer.c:591
	src/sico2elmer/sico2elmer.c:597
	src/sico2elmer/sico2elmer.c:603
	src/sico2elmer/sico2elmer.c:621
	src/sico2elmer/sico2elmer.c:857
	src/sico2elmer/sico2elmer.c:857
	src/sico2elmer/sico2elmer.c:935
	src/sico2elmer/sico2elmer.c:940
	src/sico2elmer/sico2elmer.c:946
	src/sico2elmer/sico2elmer.c:946
	src/sico2elmer/sico2elmer.c:986
	src/sico2elmer/sico2elmer.c:999
	src/sico2elmer/sico2elmer.c:1022
	src/sico2elmer/sico2elmer.c:1028
	src/sico2elmer/sico2elmer.c:1695
	src/sico2elmer/sico2elmer.c:1696
	src/sico2elmer/sico2elmer.c:1697
	src/sico2elmer/sico2elmer.c:1812
	src/sico2elmer/sico2elmer.c:2122
	src/sico2elmer/sico2elmer.c:2128
	src/sico2elmer/sico2elmer.c:2134
