autoscan: warning: missing AC_CHECK_FUNCS([gettimeofday]) wanted by: 
	src/CPUTime.c:72
autoscan: warning: missing AC_CHECK_FUNCS([mkdir]) wanted by: 
	src/Load.c:83
autoscan: warning: missing AC_CHECK_FUNCS([sqrt]) wanted by: 
	src/SC2Elmer.c:124
	src/SC2Elmer.c:295
autoscan: warning: missing AC_CHECK_HEADERS([stdlib.h]) wanted by: 
	src/Load.c:39
autoscan: warning: missing AC_CHECK_HEADERS([strings.h]) wanted by: 
	src/Load.c:46
autoscan: warning: missing AC_CHECK_HEADERS([sys/param.h]) wanted by: 
	src/CPUTime.c:42
autoscan: warning: missing AC_CHECK_HEADERS([sys/time.h]) wanted by: 
	src/CPUTime.c:44
autoscan: warning: missing AC_FUNC_MALLOC wanted by: 
	src/SC2Elmer.c:149
	src/SC2Elmer.c:290
	src/SC2Elmer.c:291
autoscan: warning: missing AC_HEADER_TIME wanted by: 
	src/CPUTime.c:49
