autoscan: warning: missing AC_CHECK_FUNCS([mkdir]) wanted by: 
	src/femelmer.c:613
	src/femelmer.c:2197
	src/femelmer.c:2199
	src/femfile.c:1352
autoscan: warning: missing AC_CHECK_FUNCS([pow]) wanted by: 
	src/femknot.c:641
	src/femknot.c:714
	src/femknot.c:715
	src/femknot.c:3265
	src/femknot.c:3266
	src/femknot.c:3267
	src/femknot.c:5279
	src/femknot.c:5287
	src/femknot.c:5291
	src/femknot.c:6975
	src/femknot.c:6976
	src/femknot.c:6976
	src/femknot.c:6977
	src/femknot.c:6977
	src/femmesh.c:490
	src/femmesh.c:492
	src/femmesh.c:501
	src/femmesh.c:503
	src/femmesh.c:506
	src/femmesh.c:508
	src/femmesh.c:509
	src/femmesh.c:532
	src/femmesh.c:534
	src/femmesh.c:566
	src/femmesh.c:568
	src/femmesh.c:576
	src/femmesh.c:578
	src/femmesh.c:581
	src/femmesh.c:583
	src/femmesh.c:584
	src/femmesh.c:604
	src/femmesh.c:606
	src/femmesh.c:614
	src/femmesh.c:616
	src/femmesh.c:619
	src/femmesh.c:621
	src/femmesh.c:622
	src/femmesh.c:667
	src/femmesh.c:670
	src/femmesh.c:676
	src/femmesh.c:679
	src/femmesh.c:682
	src/femmesh.c:685
	src/femmesh.c:686
	src/femmesh.c:697
	src/femmesh.c:700
	src/femmesh.c:706
	src/femmesh.c:709
	src/femmesh.c:712
	src/femmesh.c:715
	src/femmesh.c:716
	src/femmesh.c:1196
	src/femmesh.c:1200
	src/femmesh.c:1204
	src/femmesh.c:1212
	src/femmesh.c:1216
	src/femmesh.c:1220
	src/femmesh.c:1640
	src/femmesh.c:1642
	src/femmesh.c:1650
	src/femmesh.c:1652
	src/femmesh.c:1655
	src/femmesh.c:1657
	src/femmesh.c:1658
	src/femmesh.c:1685
	src/femmesh.c:1688
	src/femmesh.c:1694
	src/femmesh.c:1697
	src/femmesh.c:1700
	src/femmesh.c:1703
	src/femmesh.c:1704
	src/femmesh.c:1757
	src/femmesh.c:1760
	src/femmesh.c:1766
	src/femmesh.c:1769
	src/femmesh.c:1772
	src/femmesh.c:1775
	src/femmesh.c:1776
	src/fempre.c:1325
	src/fempre.c:1332
	src/metis/estmem.c:47
	src/metis/estmem.c:48
autoscan: warning: missing AC_CHECK_FUNCS([sqrt]) wanted by: 
	src/easymesh.c:163
	src/easymesh.c:249
	src/easymesh.c:354
	src/easymesh.c:473
	src/easymesh.c:722
	src/easymesh.c:729
	src/easymesh.c:1153
	src/easymesh.c:1169
	src/easymesh.c:1262
	src/femfact.c:112
	src/femfact.c:143
	src/femfact.c:395
	src/femfact.c:502
	src/femfact.c:502
	src/femfact.c:529
	src/femfact.c:530
	src/femfact.c:531
	src/femfact.c:532
	src/femfact.c:533
	src/femfact.c:534
	src/femfact.c:542
	src/femfact.c:542
	src/femfact.c:543
	src/femfact.c:543
	src/femknot.c:495
	src/femknot.c:746
	src/femknot.c:749
	src/femknot.c:971
	src/femknot.c:972
	src/femknot.c:1096
	src/femknot.c:1099
	src/femknot.c:3814
	src/femknot.c:3815
	src/femknot.c:3925
	src/femknot.c:4038
	src/femknot.c:4039
	src/femknot.c:4169
	src/femknot.c:4694
	src/femknot.c:4710
	src/femknot.c:4851
	src/femknot.c:4852
	src/femknot.c:4853
	src/femknot.c:4995
	src/femknot.c:4996
	src/femknot.c:4997
	src/femknot.c:5835
	src/femknot.c:6957
	src/femknot.c:7018
	src/femknot.c:7018
	src/femknot.c:7389
	src/femknot.c:7398
	src/femknot.c:7492
	src/femmesh.c:1444
	src/femmesh.c:1449
	src/femmesh.c:1731
	src/femmesh.c:1734
	src/femsolve.c:175
	src/femtools.c:238
	src/femtools.c:252
	src/femtools.c:369
	src/metis/util.c:416
autoscan: warning: missing AC_CHECK_FUNCS([strchr]) wanted by: 
	src/common.c:402
	src/common.c:441
	src/common.c:458
	src/fempre.c:582
	src/fempre.c:584
autoscan: warning: missing AC_CHECK_FUNCS([strrchr]) wanted by: 
	src/femfile.c:355
autoscan: warning: missing AC_CHECK_FUNCS([strstr]) wanted by: 
	src/femelmer.c:87
	src/femelmer.c:94
	src/femelmer.c:109
	src/femfile.c:37
	src/femfile.c:352
	src/femfile.c:356
	src/femfile.c:359
	src/femfile.c:360
	src/femfile.c:361
	src/femfile.c:362
	src/femfile.c:365
	src/femfile.c:367
	src/femfile.c:369
	src/femfile.c:369
	src/femfile.c:369
	src/femfile.c:370
	src/femfile.c:370
	src/femfile.c:372
	src/femfile.c:372
	src/femfile.c:374
	src/femfile.c:376
	src/femfile.c:385
	src/femfile.c:389
	src/femfile.c:653
	src/femfile.c:653
	src/femfile.c:653
	src/femfile.c:655
	src/femfile.c:655
	src/femfile.c:655
	src/femfile.c:657
	src/femfile.c:1034
	src/femfile.c:1037
	src/femfile.c:1038
	src/femfile.c:1039
	src/femfile.c:1040
	src/femfile.c:1041
	src/femfile.c:1042
	src/femfile.c:1043
	src/femfile.c:1044
	src/femfile.c:1045
	src/femfile.c:1046
	src/femfile.c:1600
	src/femfile.c:1627
	src/femfile.c:1968
	src/femfile.c:1974
	src/femfile.c:1979
	src/femfile.c:2007
	src/femfile.c:2013
	src/femfile.c:2018
	src/femfile.c:2137
	src/femfile.c:2140
	src/femfile.c:2141
	src/femfile.c:2142
	src/femfile.c:2143
	src/femfile.c:2144
	src/femfile.c:2145
	src/femfile.c:2146
	src/femfile.c:2147
	src/femfile.c:2148
	src/femfile.c:2242
	src/femfile.c:2453
	src/femfile.c:2455
	src/femfile.c:2461
	src/femfile.c:2487
	src/femfile.c:2589
	src/femfile.c:2592
	src/femfile.c:2594
	src/femfile.c:2598
	src/femfile.c:2600
	src/femfile.c:2602
	src/femfile.c:2606
	src/femfile.c:2608
	src/femfile.c:2610
	src/femfile.c:2620
	src/femfile.c:2624
	src/femfile.c:2628
	src/femfile.c:2639
	src/femfile.c:2968
	src/femfile.c:2970
	src/femfile.c:2992
	src/femfile.c:2998
	src/femfile.c:3032
	src/feminfo.c:48
	src/feminfo.c:49
	src/feminfo.c:50
	src/feminfo.c:51
	src/feminfo.c:91
	src/feminfo.c:92
	src/feminfo.c:846
	src/feminfo.c:847
	src/feminfo.c:850
	src/feminfo.c:851
	src/feminfo.c:852
	src/feminfo.c:853
	src/feminfo.c:854
	src/feminfo.c:855
	src/feminfo.c:856
	src/feminfo.c:857
	src/feminfo.c:858
	src/feminfo.c:859
	src/feminfo.c:860
	src/feminfo.c:861
	src/feminfo.c:862
	src/feminfo.c:863
	src/feminfo.c:864
	src/feminfo.c:865
	src/feminfo.c:866
	src/feminfo.c:867
	src/feminfo.c:868
	src/feminfo.c:869
	src/feminfo.c:869
	src/feminfo.c:870
	src/feminfo.c:871
	src/feminfo.c:872
	src/feminfo.c:873
	src/feminfo.c:874
	src/feminfo.c:875
	src/feminfo.c:876
	src/feminfo.c:877
	src/feminfo.c:878
	src/feminfo.c:889
	src/feminfo.c:889
	src/feminfo.c:893
	src/feminfo.c:893
	src/feminfo.c:895
	src/feminfo.c:895
	src/feminfo.c:897
	src/feminfo.c:897
	src/feminfo.c:899
	src/feminfo.c:899
	src/feminfo.c:1000
	src/feminfo.c:1001
	src/feminfo.c:1300
	src/feminfo.c:1301
	src/feminfo.c:1318
	src/feminfo.c:1321
	src/feminfo.c:1325
	src/feminfo.c:1327
	src/feminfo.c:1329
	src/feminfo.c:1331
	src/feminfo.c:1339
	src/feminfo.c:1355
	src/feminfo.c:1365
	src/feminfo.c:1371
	src/feminfo.c:1377
	src/feminfo.c:1383
	src/feminfo.c:1408
	src/feminfo.c:1412
	src/feminfo.c:1416
	src/feminfo.c:1420
	src/feminfo.c:1423
	src/feminfo.c:1427
	src/feminfo.c:1431
	src/feminfo.c:1435
	src/feminfo.c:1439
	src/feminfo.c:1444
	src/feminfo.c:1450
	src/feminfo.c:1459
	src/feminfo.c:1461
	src/feminfo.c:1462
	src/feminfo.c:1465
	src/feminfo.c:1467
	src/feminfo.c:1468
	src/feminfo.c:1471
	src/feminfo.c:1475
	src/feminfo.c:1477
	src/feminfo.c:1478
	src/feminfo.c:1480
	src/feminfo.c:1480
	src/feminfo.c:1484
	src/feminfo.c:1486
	src/feminfo.c:1487
	src/feminfo.c:1490
	src/feminfo.c:1493
	src/feminfo.c:1497
	src/feminfo.c:1500
	src/feminfo.c:1504
	src/feminfo.c:1511
	src/feminfo.c:1515
	src/feminfo.c:1519
	src/feminfo.c:1524
	src/feminfo.c:1528
	src/feminfo.c:1532
	src/feminfo.c:1537
	src/feminfo.c:1542
	src/feminfo.c:1547
	src/feminfo.c:1553
	src/feminfo.c:1561
	src/feminfo.c:1566
	src/feminfo.c:1584
	src/feminfo.c:1588
	src/fempre.c:631
	src/fempre.c:634
	src/fempre.c:637
	src/fempre.c:640
	src/fempre.c:641
	src/fempre.c:642
	src/fempre.c:643
	src/fempre.c:644
	src/fempre.c:645
	src/fempre.c:646
	src/fempre.c:647
	src/fempre.c:648
	src/fempre.c:649
	src/fempre.c:650
	src/fempre.c:651
	src/fempre.c:652
	src/fempre.c:653
	src/fempre.c:656
	src/fempre.c:659
	src/fempre.c:660
	src/fempre.c:661
	src/fempre.c:662
	src/fempre.c:667
	src/fempre.c:670
	src/fempre.c:672
	src/fempre.c:674
	src/fempre.c:678
	src/fempre.c:680
	src/fempre.c:682
	src/fempre.c:691
	src/fempre.c:700
	src/fempre.c:709
	src/fempre.c:718
	src/fempre.c:719
	src/fempre.c:736
	src/fempre.c:744
	src/fempre.c:748
	src/fempre.c:752
	src/fempre.c:754
	src/fempre.c:756
	src/fempre.c:762
	src/fempre.c:771
	src/fempre.c:777
	src/fempre.c:784
	src/fempre.c:791
	src/fempre.c:797
	src/fempre.c:806
	src/fempre.c:812
	src/fempre.c:816
	src/fempre.c:823
	src/fempre.c:827
	src/fempre.c:835
	src/fempre.c:838
	src/fempre.c:845
	src/fempre.c:848
	src/fempre.c:856
	src/fempre.c:857
	src/fempre.c:859
	src/fempre.c:861
	src/fempre.c:870
	src/fempre.c:870
	src/fempre.c:881
	src/fempre.c:884
	src/fempre.c:886
	src/fempre.c:888
	src/fempre.c:890
	src/fempre.c:892
	src/fempre.c:896
	src/fempre.c:899
	src/fempre.c:903
	src/fempre.c:907
	src/fempre.c:911
	src/fempre.c:915
autoscan: warning: missing AC_CHECK_FUNCS([strtol]) wanted by: 
	src/common.c:492
autoscan: warning: missing AC_CHECK_HEADERS([malloc.h]) wanted by: 
	src/metis/metis.h:19
autoscan: warning: missing AC_CHECK_HEADERS([stddef.h]) wanted by: 
	src/femelmer.c:2
	src/feminfo.c:12
	src/fempre.c:25
	src/nrutil.c:2
autoscan: warning: missing AC_C_CONST wanted by: 
	src/common.c:390
	src/common.c:390
	src/common.c:427
	src/common.c:451
	src/common.h:51
	src/common.h:51
	src/common.h:52
	src/common.h:53
	src/femfact.c:35
	src/femfact.c:36
	src/femfact.c:54
	src/femfact.c:474
	src/femfact.c:476
	src/femfact.c:479
	src/femfact.c:481
	src/femfact.c:485
	src/femfact.c:487
	src/femsolve.c:218
	src/femsolve.h:14
autoscan: warning: missing AC_FUNC_MALLOC wanted by: 
	src/femmesh.c:133
	src/femmesh.c:189
	src/femmesh.c:281
	src/femmesh.c:1119
	src/fempre.c:1019
	src/fempre.c:1084
	src/fempre.c:1099
	src/fempre.c:1107
	src/fempre.c:1123
	src/fempre.c:1144
	src/fempre.c:1155
	src/fempre.c:1163
	src/fempre.c:1174
	src/fempre.c:1181
	src/fempre.c:1191
	src/fempre.c:1201
	src/fempre.c:1211
	src/fempre.c:1245
	src/fempre.c:1311
	src/nrutil.c:28
	src/nrutil.c:40
	src/nrutil.c:51
	src/nrutil.c:62
	src/nrutil.c:74
	src/nrutil.c:89
	src/nrutil.c:95
	src/nrutil.c:114
	src/nrutil.c:120
	src/nrutil.c:139
	src/nrutil.c:145
	src/nrutil.c:165
	src/nrutil.c:185
	src/nrutil.c:190
	src/nrutil.c:195
	src/metis/util.c:111
autoscan: warning: missing AC_FUNC_REALLOC wanted by: 
	src/metis/ccgraph.c:551
	src/metis/ccgraph.c:563
	src/metis/ccgraph.c:576
	src/metis/ccgraph.c:587
	src/metis/meshpart.c:41
autoscan: warning: missing AC_FUNC_STRTOD wanted by: 
	src/common.c:503
autoscan: warning: missing AC_FUNC_VPRINTF wanted by: 
	src/metis/util.c:26
autoscan: warning: missing AC_TYPE_SIZE_T wanted by: 
	src/femmesh.c:133
	src/femmesh.c:189
	src/femmesh.c:281
	src/femmesh.c:1119
	src/fempre.c:1019
	src/fempre.c:1084
	src/fempre.c:1099
	src/fempre.c:1107
	src/fempre.c:1123
	src/fempre.c:1144
	src/fempre.c:1155
	src/fempre.c:1163
	src/fempre.c:1174
	src/fempre.c:1181
	src/fempre.c:1191
	src/fempre.c:1201
	src/fempre.c:1211
	src/fempre.c:1245
	src/fempre.c:1311
	src/nrutil.c:28
	src/nrutil.c:40
	src/nrutil.c:51
	src/nrutil.c:62
	src/nrutil.c:74
	src/nrutil.c:89
	src/nrutil.c:95
	src/nrutil.c:114
	src/nrutil.c:120
	src/nrutil.c:139
	src/nrutil.c:145
	src/nrutil.c:165
	src/nrutil.c:185
	src/nrutil.c:190
	src/nrutil.c:195
